<?xml version="1.0" encoding="UTF-8"?>
<!-- Generated by org.testng.reporters.JUnitReportReporter -->
<testsuite hostname="Neouser-PC1" name="Scripts.DatePickerNEwsCOntent" tests="1" failures="0" timestamp="7 Nov 2017 06:09:02 GMT" time="8.144" errors="0">
  <testcase name="datePickerTest" time="8.144" classname="Scripts.DatePickerNEwsCOntent"/>
</testsuite> <!-- Scripts.DatePickerNEwsCOntent -->
