<?xml version="1.0" encoding="UTF-8"?>
<!-- Generated by org.testng.reporters.JUnitReportReporter -->
<testsuite hostname="Neouser-PC1" name="Scripts.Hotels" tests="1" failures="0" timestamp="1 Nov 2017 09:28:28 GMT" time="33.000" errors="0">
  <testcase name="f" time="33.000" classname="Scripts.Hotels"/>
</testsuite> <!-- Scripts.Hotels -->
