<?xml version="1.0" encoding="UTF-8"?>
<!-- Generated by org.testng.reporters.JUnitReportReporter -->
<testsuite hostname="Neouser-PC1" name="Scripts.Flights" tests="1" failures="0" timestamp="2 Nov 2017 05:01:50 GMT" time="34.495" errors="0">
  <testcase name="Book_Flight" time="34.495" classname="Scripts.Flights"/>
</testsuite> <!-- Scripts.Flights -->
